<?xml version="1.0" encoding="UTF-8"?>
<testsuite name="captainciaociao.AppTest" tests="1" skipped="0" failures="0" errors="0" timestamp="2022-06-02T12:48:47" hostname="MacBook-Air-von-Jakob.local" time="0.001">
  <properties/>
  <testcase name="shouldAnswerWithTrue" classname="captainciaociao.AppTest" time="0.001"/>
  <system-out><![CDATA[]]></system-out>
  <system-err><![CDATA[]]></system-err>
</testsuite>
