<?xml version="1.0" encoding="UTF-8"?>
<testsuite xmlns:xsi="http://www.w3.org/2001/XMLSchema-instance" xsi:noNamespaceSchemaLocation="https://maven.apache.org/surefire/maven-surefire-plugin/xsd/surefire-test-report.xsd" name="captainciaociao.AppTest" time="0.019" tests="1" errors="0" skipped="0" failures="0">
  <properties>
    <property name="java.specification.version" value="17"/>
    <property name="sun.jnu.encoding" value="UTF-8"/>
    <property name="java.class.path" value="/Users/dolerich_hirnfielder/CaptainCiaoCiao/target/test-classes:/Users/dolerich_hirnfielder/CaptainCiaoCiao/target/classes:/Users/dolerich_hirnfielder/.m2/repository/junit/junit/4.11/junit-4.11.jar:/Users/dolerich_hirnfielder/.m2/repository/org/hamcrest/hamcrest-core/1.3/hamcrest-core-1.3.jar:"/>
    <property name="java.vm.vendor" value="Eclipse Adoptium"/>
    <property name="sun.arch.data.model" value="64"/>
    <property name="java.vendor.url" value="https://adoptium.net/"/>
    <property name="os.name" value="Mac OS X"/>
    <property name="java.vm.specification.version" value="17"/>
    <property name="sun.java.launcher" value="SUN_STANDARD"/>
    <property name="user.country" value="DE"/>
    <property name="sun.boot.library.path" value="/Users/dolerich_hirnfielder/.sdkman/candidates/java/17.0.3-tem/lib"/>
    <property name="sun.java.command" value="/Users/dolerich_hirnfielder/CaptainCiaoCiao/target/surefire/surefirebooter7391411825266070428.jar /Users/dolerich_hirnfielder/CaptainCiaoCiao/target/surefire 2022-06-01T16-54-53_867-jvmRun1 surefire17546326672359727087tmp surefire_018328525317117691544tmp"/>
    <property name="http.nonProxyHosts" value="local|*.local|169.254/16|*.169.254/16"/>
    <property name="jdk.debug" value="release"/>
    <property name="surefire.test.class.path" value="/Users/dolerich_hirnfielder/CaptainCiaoCiao/target/test-classes:/Users/dolerich_hirnfielder/CaptainCiaoCiao/target/classes:/Users/dolerich_hirnfielder/.m2/repository/junit/junit/4.11/junit-4.11.jar:/Users/dolerich_hirnfielder/.m2/repository/org/hamcrest/hamcrest-core/1.3/hamcrest-core-1.3.jar:"/>
    <property name="sun.cpu.endian" value="little"/>
    <property name="user.home" value="/Users/dolerich_hirnfielder"/>
    <property name="user.language" value="de"/>
    <property name="java.specification.vendor" value="Oracle Corporation"/>
    <property name="java.version.date" value="2022-04-19"/>
    <property name="java.home" value="/Users/dolerich_hirnfielder/.sdkman/candidates/java/17.0.3-tem"/>
    <property name="file.separator" value="/"/>
    <property name="basedir" value="/Users/dolerich_hirnfielder/CaptainCiaoCiao"/>
    <property name="java.vm.compressedOopsMode" value="Zero based"/>
    <property name="line.separator" value="&#10;"/>
    <property name="java.specification.name" value="Java Platform API Specification"/>
    <property name="java.vm.specification.vendor" value="Oracle Corporation"/>
    <property name="surefire.real.class.path" value="/Users/dolerich_hirnfielder/CaptainCiaoCiao/target/surefire/surefirebooter7391411825266070428.jar"/>
    <property name="sun.management.compiler" value="HotSpot 64-Bit Tiered Compilers"/>
    <property name="ftp.nonProxyHosts" value="local|*.local|169.254/16|*.169.254/16"/>
    <property name="java.runtime.version" value="17.0.3+7"/>
    <property name="user.name" value="dolerich_hirnfielder"/>
    <property name="path.separator" value=":"/>
    <property name="os.version" value="12.4"/>
    <property name="java.runtime.name" value="OpenJDK Runtime Environment"/>
    <property name="file.encoding" value="UTF-8"/>
    <property name="java.vm.name" value="OpenJDK 64-Bit Server VM"/>
    <property name="java.vendor.version" value="Temurin-17.0.3+7"/>
    <property name="localRepository" value="/Users/dolerich_hirnfielder/.m2/repository"/>
    <property name="java.vendor.url.bug" value="https://github.com/adoptium/adoptium-support/issues"/>
    <property name="java.io.tmpdir" value="/var/folders/wg/zv2wwfn91hlgbr07jhwg59fw0000gn/T/"/>
    <property name="java.version" value="17.0.3"/>
    <property name="user.dir" value="/Users/dolerich_hirnfielder/CaptainCiaoCiao"/>
    <property name="os.arch" value="aarch64"/>
    <property name="java.vm.specification.name" value="Java Virtual Machine Specification"/>
    <property name="native.encoding" value="UTF-8"/>
    <property name="java.library.path" value="/Users/dolerich_hirnfielder/Library/Java/Extensions:/Library/Java/Extensions:/Network/Library/Java/Extensions:/System/Library/Java/Extensions:/usr/lib/java:."/>
    <property name="java.vm.info" value="mixed mode"/>
    <property name="java.vendor" value="Eclipse Adoptium"/>
    <property name="java.vm.version" value="17.0.3+7"/>
    <property name="sun.io.unicode.encoding" value="UnicodeBig"/>
    <property name="socksNonProxyHosts" value="local|*.local|169.254/16|*.169.254/16"/>
    <property name="java.class.version" value="61.0"/>
  </properties>
  <testcase name="shouldAnswerWithTrue" classname="captainciaociao.AppTest" time="0.001"/>
</testsuite>